<?xml version="1.0" encoding="UTF-8"?>
<coverage generated="1771881727811" clover="3.2.0">
  <project timestamp="1771881727811" name="All files">
    <metrics statements="25" coveredstatements="25" conditionals="9" coveredconditionals="8" methods="6" coveredmethods="6" elements="40" coveredelements="39" complexity="0" loc="25" ncloc="25" packages="1" files="1" classes="1"/>
    <file name="crypto.ts" path="C:\Users\neelankanjee\Cyber-Capstone\nk\sdk\src\crypto.ts">
      <metrics statements="25" coveredstatements="25" conditionals="9" coveredconditionals="8" methods="6" coveredmethods="6"/>
      <line num="32" count="1" type="stmt"/>
      <line num="42" count="3" type="stmt"/>
      <line num="43" count="3" type="cond" truecount="2" falsecount="0"/>
      <line num="44" count="3" type="stmt"/>
      <line num="52" count="3" type="stmt"/>
      <line num="64" count="2" type="stmt"/>
      <line num="65" count="2" type="stmt"/>
      <line num="73" count="2" type="stmt"/>
      <line num="77" count="2" type="stmt"/>
      <line num="78" count="2" type="stmt"/>
      <line num="79" count="2" type="stmt"/>
      <line num="82" count="2" type="stmt"/>
      <line num="84" count="2" type="stmt"/>
      <line num="94" count="2" type="stmt"/>
      <line num="95" count="2" type="stmt"/>
      <line num="96" count="2" type="stmt"/>
      <line num="98" count="2" type="stmt"/>
      <line num="99" count="2" type="stmt"/>
      <line num="100" count="2" type="stmt"/>
      <line num="102" count="2" type="stmt"/>
      <line num="110" count="2" type="stmt"/>
      <line num="111" count="1" type="stmt"/>
      <line num="116" count="1" type="cond" truecount="1" falsecount="1"/>
      <line num="119" count="6" type="stmt"/>
      <line num="120" count="6" type="stmt"/>
    </file>
  </project>
</coverage>
