<?xml version="1.0" encoding="UTF-8"?>
<coverage generated="1764882468438" clover="3.2.0">
  <project timestamp="1764882468438" name="All files">
    <metrics statements="23" coveredstatements="23" conditionals="9" coveredconditionals="8" methods="6" coveredmethods="6" elements="38" coveredelements="37" complexity="0" loc="23" ncloc="23" packages="1" files="1" classes="1"/>
    <file name="crypto.ts" path="C:\Users\neelankanjee\Documents\Cyber-Capstone\nk\sdk\src\crypto.ts">
      <metrics statements="23" coveredstatements="23" conditionals="9" coveredconditionals="8" methods="6" coveredmethods="6"/>
      <line num="22" count="1" type="stmt"/>
      <line num="28" count="3" type="stmt"/>
      <line num="29" count="3" type="cond" truecount="2" falsecount="0"/>
      <line num="30" count="3" type="stmt"/>
      <line num="38" count="3" type="stmt"/>
      <line num="46" count="2" type="stmt"/>
      <line num="47" count="2" type="stmt"/>
      <line num="54" count="2" type="stmt"/>
      <line num="57" count="2" type="stmt"/>
      <line num="58" count="2" type="stmt"/>
      <line num="59" count="2" type="stmt"/>
      <line num="60" count="2" type="stmt"/>
      <line num="67" count="2" type="stmt"/>
      <line num="68" count="2" type="stmt"/>
      <line num="69" count="2" type="stmt"/>
      <line num="70" count="2" type="stmt"/>
      <line num="71" count="2" type="stmt"/>
      <line num="72" count="2" type="stmt"/>
      <line num="73" count="2" type="stmt"/>
      <line num="80" count="2" type="stmt"/>
      <line num="86" count="1" type="cond" truecount="1" falsecount="1"/>
      <line num="88" count="6" type="stmt"/>
      <line num="89" count="6" type="stmt"/>
    </file>
  </project>
</coverage>
