{"C:\\Users\\neelankanjee\\Cyber-Capstone\\nk\\sdk\\src\\crypto.ts": {"path":"C:\\Users\\neelankanjee\\Cyber-Capstone\\nk\\sdk\\src\\crypto.ts","statementMap":{"0":{"start":{"line":32,"column":15},"end":{"line":32,"column":null}},"1":{"start":{"line":42,"column":2},"end":{"line":42,"column":null}},"2":{"start":{"line":43,"column":15},"end":{"line":43,"column":null}},"3":{"start":{"line":44,"column":14},"end":{"line":51,"column":null}},"4":{"start":{"line":52,"column":2},"end":{"line":52,"column":null}},"5":{"start":{"line":64,"column":8},"end":{"line":64,"column":null}},"6":{"start":{"line":65,"column":20},"end":{"line":71,"column":null}},"7":{"start":{"line":73,"column":17},"end":{"line":75,"column":null}},"8":{"start":{"line":77,"column":17},"end":{"line":77,"column":null}},"9":{"start":{"line":78,"column":14},"end":{"line":78,"column":null}},"10":{"start":{"line":79,"column":13},"end":{"line":79,"column":null}},"11":{"start":{"line":82,"column":2},"end":{"line":82,"column":null}},"12":{"start":{"line":84,"column":2},"end":{"line":84,"column":null}},"13":{"start":{"line":94,"column":13},"end":{"line":94,"column":null}},"14":{"start":{"line":95,"column":14},"end":{"line":95,"column":null}},"15":{"start":{"line":96,"column":13},"end":{"line":96,"column":null}},"16":{"start":{"line":98,"column":17},"end":{"line":98,"column":null}},"17":{"start":{"line":99,"column":2},"end":{"line":99,"column":null}},"18":{"start":{"line":100,"column":2},"end":{"line":100,"column":null}},"19":{"start":{"line":102,"column":20},"end":{"line":108,"column":null}},"20":{"start":{"line":110,"column":13},"end":{"line":110,"column":null}},"21":{"start":{"line":111,"column":2},"end":{"line":111,"column":null}},"22":{"start":{"line":116,"column":2},"end":{"line":116,"column":null}},"23":{"start":{"line":116,"column":24},"end":{"line":116,"column":null}},"24":{"start":{"line":116,"column":31},"end":{"line":116,"column":null}},"25":{"start":{"line":119,"column":19},"end":{"line":119,"column":null}},"26":{"start":{"line":119,"column":38},"end":{"line":119,"column":null}},"27":{"start":{"line":120,"column":20},"end":{"line":120,"column":null}},"28":{"start":{"line":120,"column":35},"end":{"line":120,"column":null}}},"fnMap":{"0":{"name":"deriveMasterKey","decl":{"start":{"line":38,"column":22},"end":{"line":38,"column":null}},"loc":{"start":{"line":41,"column":50},"end":{"line":53,"column":null}},"line":41},"1":{"name":"encryptEntry","decl":{"start":{"line":59,"column":22},"end":{"line":59,"column":null}},"loc":{"start":{"line":63,"column":23},"end":{"line":85,"column":null}},"line":63},"2":{"name":"decryptEntry","decl":{"start":{"line":90,"column":22},"end":{"line":90,"column":null}},"loc":{"start":{"line":93,"column":23},"end":{"line":112,"column":null}},"line":93},"3":{"name":"zeroize","decl":{"start":{"line":115,"column":16},"end":{"line":115,"column":27}},"loc":{"start":{"line":115,"column":68},"end":{"line":117,"column":null}},"line":115},"4":{"name":"(anonymous_4)","decl":{"start":{"line":119,"column":19},"end":{"line":119,"column":20}},"loc":{"start":{"line":119,"column":38},"end":{"line":119,"column":null}},"line":119},"5":{"name":"(anonymous_5)","decl":{"start":{"line":120,"column":20},"end":{"line":120,"column":21}},"loc":{"start":{"line":120,"column":35},"end":{"line":120,"column":null}},"line":120}},"branchMap":{"0":{"loc":{"start":{"line":40,"column":2},"end":{"line":40,"column":null}},"type":"default-arg","locations":[{"start":{"line":40,"column":25},"end":{"line":40,"column":null}}],"line":40},"1":{"loc":{"start":{"line":43,"column":15},"end":{"line":43,"column":null}},"type":"binary-expr","locations":[{"start":{"line":43,"column":15},"end":{"line":43,"column":30}},{"start":{"line":43,"column":22},"end":{"line":43,"column":null}}],"line":43},"2":{"loc":{"start":{"line":48,"column":4},"end":{"line":48,"column":null}},"type":"binary-expr","locations":[{"start":{"line":48,"column":4},"end":{"line":48,"column":23}},{"start":{"line":48,"column":23},"end":{"line":48,"column":null}}],"line":48},"3":{"loc":{"start":{"line":49,"column":4},"end":{"line":49,"column":null}},"type":"binary-expr","locations":[{"start":{"line":49,"column":4},"end":{"line":49,"column":23}},{"start":{"line":49,"column":23},"end":{"line":49,"column":null}}],"line":49},"4":{"loc":{"start":{"line":116,"column":24},"end":{"line":116,"column":null}},"type":"if","locations":[{"start":{"line":116,"column":24},"end":{"line":116,"column":null}},{"start":{},"end":{}}],"line":116}},"s":{"0":1,"1":3,"2":3,"3":3,"4":3,"5":2,"6":2,"7":2,"8":2,"9":2,"10":2,"11":2,"12":2,"13":2,"14":2,"15":2,"16":2,"17":2,"18":2,"19":2,"20":2,"21":1,"22":1,"23":1,"24":1,"25":1,"26":6,"27":1,"28":6},"f":{"0":3,"1":2,"2":2,"3":1,"4":6,"5":6},"b":{"0":[3],"1":[3,3],"2":[3,3],"3":[3,3],"4":[1,0]},"meta":{"lastBranch":5,"lastFunction":6,"lastStatement":29,"seen":{"s:32:15:32:Infinity":0,"f:38:22:38:Infinity":0,"b:40:25:40:Infinity":0,"s:42:2:42:Infinity":1,"s:43:15:43:Infinity":2,"b:43:15:43:30:43:22:43:Infinity":1,"s:44:14:51:Infinity":3,"b:48:4:48:23:48:23:48:Infinity":2,"b:49:4:49:23:49:23:49:Infinity":3,"s:52:2:52:Infinity":4,"f:59:22:59:Infinity":1,"s:64:8:64:Infinity":5,"s:65:20:71:Infinity":6,"s:73:17:75:Infinity":7,"s:77:17:77:Infinity":8,"s:78:14:78:Infinity":9,"s:79:13:79:Infinity":10,"s:82:2:82:Infinity":11,"s:84:2:84:Infinity":12,"f:90:22:90:Infinity":2,"s:94:13:94:Infinity":13,"s:95:14:95:Infinity":14,"s:96:13:96:Infinity":15,"s:98:17:98:Infinity":16,"s:99:2:99:Infinity":17,"s:100:2:100:Infinity":18,"s:102:20:108:Infinity":19,"s:110:13:110:Infinity":20,"s:111:2:111:Infinity":21,"f:115:16:115:27":3,"s:116:2:116:Infinity":22,"b:116:24:116:Infinity:undefined:undefined:undefined:undefined":4,"s:116:24:116:Infinity":23,"s:116:31:116:Infinity":24,"s:119:19:119:Infinity":25,"f:119:19:119:20":4,"s:119:38:119:Infinity":26,"s:120:20:120:Infinity":27,"f:120:20:120:21":5,"s:120:35:120:Infinity":28}}}
}
