{"C:\\Users\\neelankanjee\\Documents\\Cyber-Capstone\\nk\\sdk\\src\\crypto.ts": {"path":"C:\\Users\\neelankanjee\\Documents\\Cyber-Capstone\\nk\\sdk\\src\\crypto.ts","statementMap":{"0":{"start":{"line":22,"column":15},"end":{"line":22,"column":null}},"1":{"start":{"line":28,"column":2},"end":{"line":28,"column":null}},"2":{"start":{"line":29,"column":15},"end":{"line":29,"column":null}},"3":{"start":{"line":30,"column":14},"end":{"line":37,"column":null}},"4":{"start":{"line":38,"column":2},"end":{"line":38,"column":null}},"5":{"start":{"line":46,"column":8},"end":{"line":46,"column":null}},"6":{"start":{"line":47,"column":20},"end":{"line":53,"column":null}},"7":{"start":{"line":54,"column":17},"end":{"line":56,"column":null}},"8":{"start":{"line":57,"column":14},"end":{"line":57,"column":null}},"9":{"start":{"line":58,"column":13},"end":{"line":58,"column":null}},"10":{"start":{"line":59,"column":2},"end":{"line":59,"column":null}},"11":{"start":{"line":60,"column":2},"end":{"line":60,"column":null}},"12":{"start":{"line":67,"column":13},"end":{"line":67,"column":null}},"13":{"start":{"line":68,"column":14},"end":{"line":68,"column":null}},"14":{"start":{"line":69,"column":13},"end":{"line":69,"column":null}},"15":{"start":{"line":70,"column":17},"end":{"line":70,"column":null}},"16":{"start":{"line":71,"column":2},"end":{"line":71,"column":null}},"17":{"start":{"line":72,"column":2},"end":{"line":72,"column":null}},"18":{"start":{"line":73,"column":20},"end":{"line":79,"column":null}},"19":{"start":{"line":80,"column":2},"end":{"line":82,"column":null}},"20":{"start":{"line":86,"column":2},"end":{"line":86,"column":null}},"21":{"start":{"line":86,"column":24},"end":{"line":86,"column":null}},"22":{"start":{"line":86,"column":31},"end":{"line":86,"column":null}},"23":{"start":{"line":88,"column":19},"end":{"line":88,"column":null}},"24":{"start":{"line":88,"column":38},"end":{"line":88,"column":null}},"25":{"start":{"line":89,"column":20},"end":{"line":89,"column":null}},"26":{"start":{"line":89,"column":35},"end":{"line":89,"column":null}}},"fnMap":{"0":{"name":"deriveMasterKey","decl":{"start":{"line":24,"column":22},"end":{"line":24,"column":null}},"loc":{"start":{"line":27,"column":50},"end":{"line":39,"column":null}},"line":27},"1":{"name":"encryptEntry","decl":{"start":{"line":41,"column":22},"end":{"line":41,"column":null}},"loc":{"start":{"line":45,"column":23},"end":{"line":61,"column":null}},"line":45},"2":{"name":"decryptEntry","decl":{"start":{"line":63,"column":22},"end":{"line":63,"column":null}},"loc":{"start":{"line":66,"column":23},"end":{"line":83,"column":null}},"line":66},"3":{"name":"zeroize","decl":{"start":{"line":85,"column":16},"end":{"line":85,"column":27}},"loc":{"start":{"line":85,"column":68},"end":{"line":87,"column":null}},"line":85},"4":{"name":"(anonymous_4)","decl":{"start":{"line":88,"column":19},"end":{"line":88,"column":20}},"loc":{"start":{"line":88,"column":38},"end":{"line":88,"column":null}},"line":88},"5":{"name":"(anonymous_5)","decl":{"start":{"line":89,"column":20},"end":{"line":89,"column":21}},"loc":{"start":{"line":89,"column":35},"end":{"line":89,"column":null}},"line":89}},"branchMap":{"0":{"loc":{"start":{"line":26,"column":2},"end":{"line":26,"column":null}},"type":"default-arg","locations":[{"start":{"line":26,"column":25},"end":{"line":26,"column":null}}],"line":26},"1":{"loc":{"start":{"line":29,"column":15},"end":{"line":29,"column":null}},"type":"binary-expr","locations":[{"start":{"line":29,"column":15},"end":{"line":29,"column":30}},{"start":{"line":29,"column":22},"end":{"line":29,"column":null}}],"line":29},"2":{"loc":{"start":{"line":34,"column":4},"end":{"line":34,"column":null}},"type":"binary-expr","locations":[{"start":{"line":34,"column":4},"end":{"line":34,"column":23}},{"start":{"line":34,"column":23},"end":{"line":34,"column":null}}],"line":34},"3":{"loc":{"start":{"line":35,"column":4},"end":{"line":35,"column":null}},"type":"binary-expr","locations":[{"start":{"line":35,"column":4},"end":{"line":35,"column":23}},{"start":{"line":35,"column":23},"end":{"line":35,"column":null}}],"line":35},"4":{"loc":{"start":{"line":86,"column":24},"end":{"line":86,"column":null}},"type":"if","locations":[{"start":{"line":86,"column":24},"end":{"line":86,"column":null}},{"start":{},"end":{}}],"line":86}},"s":{"0":1,"1":3,"2":3,"3":3,"4":3,"5":2,"6":2,"7":2,"8":2,"9":2,"10":2,"11":2,"12":2,"13":2,"14":2,"15":2,"16":2,"17":2,"18":2,"19":2,"20":1,"21":1,"22":1,"23":1,"24":6,"25":1,"26":6},"f":{"0":3,"1":2,"2":2,"3":1,"4":6,"5":6},"b":{"0":[3],"1":[3,3],"2":[3,3],"3":[3,3],"4":[1,0]},"meta":{"lastBranch":5,"lastFunction":6,"lastStatement":27,"seen":{"s:22:15:22:Infinity":0,"f:24:22:24:Infinity":0,"b:26:25:26:Infinity":0,"s:28:2:28:Infinity":1,"s:29:15:29:Infinity":2,"b:29:15:29:30:29:22:29:Infinity":1,"s:30:14:37:Infinity":3,"b:34:4:34:23:34:23:34:Infinity":2,"b:35:4:35:23:35:23:35:Infinity":3,"s:38:2:38:Infinity":4,"f:41:22:41:Infinity":1,"s:46:8:46:Infinity":5,"s:47:20:53:Infinity":6,"s:54:17:56:Infinity":7,"s:57:14:57:Infinity":8,"s:58:13:58:Infinity":9,"s:59:2:59:Infinity":10,"s:60:2:60:Infinity":11,"f:63:22:63:Infinity":2,"s:67:13:67:Infinity":12,"s:68:14:68:Infinity":13,"s:69:13:69:Infinity":14,"s:70:17:70:Infinity":15,"s:71:2:71:Infinity":16,"s:72:2:72:Infinity":17,"s:73:20:79:Infinity":18,"s:80:2:82:Infinity":19,"f:85:16:85:27":3,"s:86:2:86:Infinity":20,"b:86:24:86:Infinity:undefined:undefined:undefined:undefined":4,"s:86:24:86:Infinity":21,"s:86:31:86:Infinity":22,"s:88:19:88:Infinity":23,"f:88:19:88:20":4,"s:88:38:88:Infinity":24,"s:89:20:89:Infinity":25,"f:89:20:89:21":5,"s:89:35:89:Infinity":26}}}
}
